None	te.car-registrations
None	ventusky.temperature-2m
None	ventusky.temp-feel
None	lpw.property_price.chart
None	sltda.monthly_tourist_arrivals.primary_markets
None	icc.mensodicwc2023.qualifier
None	dcs_snapshot.chart
1671149032612282370	freemeteo.temp.asia
None	cbsl_forex.chart
None	ventusky.rain-3h
None	ventusky.humidity
None	cse.aspi.chart
None	cbsl.annual_report.2023.random
None	heritage.economic_freedom
None	statcounter.social_media_stats
None	te.interest-rate
None	ventusky.rain-3h
None	flightconnections.direct_flights
None	nicerodds.mensodicwc2023.winning_odds
None	ceb.power_generation.load_curve
None	te.foreign-exchange-reserves
None	te.gdp-growth-annual
None	te.foreign-exchange-reserves
None	speedtest.internet_speed
None	worldometers.population
None	te.balance-of-trade
None	ventusky.aqi
None	cse.sp.charts
None	google.maps.traffic
None	cbsl_cpi.chart
None	moh.dengue.chart
None	timeanddate.colombo.sun
None	owid.covid.chart
None	cbsl.food_prices.daily_report
None	worldometers.environ_food_water